--- Terminal on /dev/cu.usbmodem401101 | 9600 8-N-1
--- Available filters and text transformations: colorize, debug, default, direct, esp32_exception_decoder, hexlify, log2file, nocontrol, printable, send_on_enter, time
--- More details at https://bit.ly/pio-monitor-filters
--- Quit: Ctrl+C | Menu: Ctrl+T | Help: Ctrl+T followed by Ctrl+H
Here we go!
received script 3
begin recording
end recording

Bang-bang scenario

1224 events logged
98f6e04b 9c4d83f4 9ca7db2a 9cf5d3dc 9d44c4a2 9d8607d8 9dc969e6 9e05f3a0
9e4590da 9e738894 9eac6a5e 9ee2f9a8 9f17b06e 9f4a20ec 9f79ab06 9fa90b10
9fd4f66e a001c67c a02dd8b6 a058d994 a0831c2e a0ac4dfc a0d4cece a0fc7ec4
a121bbba a147e9f4 a16db486 a192ee7c a1b7c4b6 a1dbe37c a1ffab3a a222d580
a2458226 a267c48c a289a322 a2ab248c a2cc4f26 a2ed032c a30d5fda a32d7930
a34d2ee2 a36c9480 a38be3b2 a3aabc14 a3c970ae a3e7c81c a405ef2a a423c634
a4416cd2 a45ed04c a47c0342 a4990c88 a4b5d87a a4d26104 a4eed2e2 a50af47c
a526f28a a542c734 a55e781a a579f270 a595492e a5b0698c a5cb802a a5e65328
a6011c4a a61ba21c a6360462 a6505700 a66a796e a6847ebc a69e6076 a6b8259c
a6d1d3fe a6eb4b90 a704ac6a a71df0b8 a7372b4e a7503c64 a7694382 a7821420
a79adabe a7b377c8 a7cbfe1e a7e47494 a7fcd452 a8150a68 a82d43ca a8455384
a85d4c82 a87535b4 a88d0836 a8a4cad0 a8bc836a a8d41238 a8eba41a a9030c34
a91a7776 a931b918 a948f0ea a9601910 a977376a a98e2c24 a9a523c2 a9bc0b88
a9d2dcc2 a9e9aaf0 aa0048a2 aa16e350 aa2d742e aa43e878 aa5a6cb6 aa70d3fc
aa87248e aa9d71f4 aab3a8aa aac9cf8c aadfecaa aaf5f9bc ab0bfcfe ab21f054
ab37e6ba ab4dc04c ab638ff6 ab794fd8 ab8f05da aba4c5e0 abba6256 abcffbbc
abe57e66 abfaf0f4 ac10738a ac25ccb4 ac3b35b6 ac508204 ac65d156 ac7b1d8c
ac90531a aca57894 acbaa136 accfb9ec ace4c8b6 acf9c7c4 ad0ebcea ad23a224
ad389746 ad4d7c90 ad624b52 ad7723d8 ad8be56e ada0a3f4 adb565ba adca0ad4
addeb2d2 adf357cc ae07e636 ae1c7168 ae30ffa2 ae457e10 ae59f2c2 ae6e6460
ae82d8f6 ae9730c8 aeab8ba6 aebfe35c aed4248a aee8628c aefcb072 af10e184
af25229e af3946d0 af4d6e32 af6192a8 af75a09a af89b824 af9dc61a afb1d104
afc5d1e6 afd9cf80 afedc362 b001b41c b0159afa b0297f04 b03d592a b0513074
b064fdf6 b078c860 b08c95fa b0a06088 b0b4213a b0c7d1d0 b0db85a6 b0ef3660
b102d07e b1168e04 b12a27e2 b13dcb8c b151658a b164e288 b1787c36 b18bf918
b19f92ea b1b31008 b1c69046 b1da0d64 b1ed73d2 b200e428 b214578e b227bb24
b23b2e52 b24e84c4 b261de2e b27527c0 b2887466 b29bbe24 b2af0af6 b2c26198
b2d594b6 b2e8d1c0 b2fc11ba b30f350c b322752e b335a550 b348cb6e b35bfba4
b36f21da b38237f4 b395512a b3a86748 b3bb8d4a b3ce9680 b3e1a2a6 b3f4abf4
b407b842 b41ac188 b42dcde2 b440ca50 b453bcda b466c64c b479b902 b48ca88c
b49fa7f6 b4b28ab4 b4c57d52 b4d86004 b4eb527e b4fe3534 b5110e32 b523f12c
b536bd6e b5499388 b55c6c86 b56f35c4 b582023a b594d858 b5a7a476 b5ba6d88
b5cd2cbe b5dfe8b4 b5f2b49e b60570e0 b618300e b62adf68 b63d91be b6504134
b662f3b2 b675a308 b688556a b69af7e0 b6ad9d6a b6c03fd4 b6d2e55e b6e57af4
b6f82086 b70ac2fc b71d687e b72ffe1c b74289ca b7551f88 b767ab6e b77a3404
b78cccda b79f55a4 b7b1e17e b7c46a58 b7d6e942 b7e96510 b7fbf0de b80e6cb4
b820eb96 b8336774 b845d992 b85855a4 b86ad4ba b87d43c8 b88fb5de b8a231bc
b8b4a3ee b8c71300 b8d9851e b8ebe744 b8fe5956 b910c880 b9232dda b935903c
b947f5a2 b95a4b04 b96cb082 b97f05f0 b9916b62 b9a3c0cc b9b6192a b9c86ea4
b9dac72e b9ed0fa4 b9ff74e6 ba11bd50 ba2408c2 ba365e2c ba489cea ba5ae560
ba6d30ea ba7f6c78 ba91b7e2 baa3f354 bab63e9a bac893c0 badad24e baed1a70
baff58da bb118768 bb23d2d2 bb360178 bb483306 bb5a7b6c bb6cad2a bb7ee8c8
bb911ace bba33cd0 bbb57b6e bbc7aa1c bbd9dbc2 bbec0a64 bbfe2f56 bc105e34
bc229012 bc34b218 bc46e402 bc590608 bc6b2b02 bc7d4cd8 bc8f71c6 bca186b4
bcb3ab82 bcc5da44 bcd7f252 bcea1434 bcfc2c3e bd0e348c bd204cde bd326ec0
bd4493a6 bd56a8c8 bd68cdea bd7ae314 bd8cee2e bd9f0328 bdb10e8e bdc323ac
bdd53b92 bde75038 bdf96826 be0b6ffc be1d7b06 be2f82f8 be418e0a be539600
be65a132 be77a95c be89a796 be9bafc0 beadadf6 bebfc2c0 bed1c0e6 bee3c8dc
bef5c71e bf07cf3c bf19da76 bf2bd5e4 bf3de132 bf4fcfc4 bf61cdfa bf73bc50
bf85ba96 bf97c2a4 bfa9c102 bfbbbc38 bfcdba96 bfdfa8e8 bff1a71a c003a268
c01593b2 c02781dc c0397302 c04b6128 c05d5272 c06f40d8 c08125a2 c09320f4
c0a5128e c0b7010c c0c8ff5a c0dae0e0 c0ecd23e c0fec0ac c110a53e c122a07c
c134852a c1467384 c158580a c16a3978 c17c2aca c18e0c40 c19ffd9e c1b1df0c
c1c3c3b6 c1d5a534 c1e789f2 c1f96b94 c20b4372 c21d2508 c22f098e c240de54
c252cfd2 c264b158 c27695ca c2887738 c29a4ec2 c2ac303c c2be07da c2cfe950
c2e1cdce c2f3af70 c3059402 c317689c c3294056 c33b14ec c34cecaa c35ece2c
c370b2be c3828740 c3945ec6 c3a6333c c3b7fde2 c3c9df70 c3dbaa62 c3ed7f14
c3ff63b2 c4112b8c c4231d22 c434e514 c446aff2 c4588498 c46a4f4e c47c23ec
c48dfbb6 c49fdd34 c4b19b42 c4c36ff8 c4d547b6 c4e702c0 c4f8e77e c50aaf70
c51c8752 c52e5c18 c540270a c551fbbc c563c676 c5758e10 c58765ce c5992d98
c5aaf886 c5bccd40 c5ce8b4a c5e0601c c5f22b12 c603e604 c615bdba c6277894
c639435a c64b0b28 c65cd60a c66e9dd4 c68068d2 c69230c8 c6a3eef6 c6b5c3b0
c6c781be c6d949c4 c6eb219e c6fcdca4 c70ea79a c7206f60 c7322d4a c743f518
c755b332 c7676e3c c7792c5e c78af408 c79cbeaa c7ae8668 c7c0514e c7d20c2c
c7e3d702 c7f591c0 c8074f86 c8190a64 c82ac862 c83c8354 c84e4162 c85ffc60
c871ba6a c883824c c8954066 c8a6fb5c c8b8b946 c8ca7424 c8dc3ef2 c8edf9f4
c8ffb816 c9117330 c923314e c934ec78 c946aaa6 c95865a4 c96a16ca c97bde9c
c98d9ca6 c99f5780 c9b1155e c9c2d028 c9d48132 c9e63bfc c9f806d6 ca09b4f8
ca1b7ff2 ca2d2e24 ca3edf52 ca509a40 ca625852 ca742000 ca85ddde ca979898
caa9497e cabaf74c cacca83e cade632c caf0211e cb01e8e8 cb139a12 cb254830
cb370636 cb48b468 cb5a727a cb6c2d84 cb7ddeba cb8f8cd4 cba13df6 cbb2f8f8
cbc4b71a cbd67224 cbe82346 cbf9d174 cc0b8f92 cc1d3ddc cc2efbea cc40aa2c
cc525b7e cc6409c0 cc75bb2a cc875cc0 cc991afe ccaac940 ccbc7a82 ccce3598
ccdfe6da ccf19508 cd034632 cd14f464 cd26a58e cd3846d0 cd4a11ae cd5bb2e0
cd6d63ea cd7f1ec8 cd90b616 cda270f4 cdb421f6 cdc5d008 cdd78112 cde92244
cdfad35e ce0c8168 ce1e326e ce2fe078 ce4191c6 ce5332ec ce64e412 ce768538
ce88295a ce99e424 ceab8846 cebd365c cecee776 cee088bc cef239e2 cf03db18
cf158c4a cf272d80 cf38eb62 cf4a8c74 cf5c308e cf6dde98 cf7f82ce cf9130cc
cfa2e1ca cfb48fe0 cfc633ee cfd7d518 cfe97966 cffb1abc d00cd8d2 d01e7a20
d0302b7a d041d9ac d0537142 d0651f78 d076d07a d0887184 d09a15be d0abc3dc
d0bd684e d0cf09b0 d0e0baee d0f25c24 d103f396 d115a19c d12738de d138d9f0
d14a8b12 d15c1f88 d16dd0b6 d17f71f8 d1911652 d1a2aab4 d1b44efa d1c5f038
d1d7946e d1e942a4 d1fae6fe d20c8838 d21e2c5a d22fc098 d24171c2 d25312ec
d264aa52 d2765868 d287efe6 d2999de4 d2ab421a d2bcd658 d2ce7a8a d2e01bb0
d2f1bfde d3036118 d3150522 d326a638 d3384a7a d349dec0 d35b82e2 d36d2424
d37ebb7e d3905ca0 d3a200ae d3b3a1ac d3c552a2 d3d6e6d0 d3e88b02 d3fa2c30
d40bd042 d41d7164 d42f1592 d440b6c0 d4524e0a d463ef30 d475868e d4871ac8
d498b23a d4aa4690 d4bbde0a d4cd7278 d4df16a6 d4f0aae0 d5024f42 d513f068
d52587a2 d53728d4 d548cd02 d55a614c d56bf88a d57d998c d58f3dc6 d5a0d210
d5b26986 d5c3fdc4 d5d59516 d5e7362c d5f8da4a d60a7b64 d61c1f82 d62db3c0
d63f4ae2 d650df18 d662767a d6740ab8 d685a202 d697362c d6a8e732 d6ba7b94
d6cc12ee d6dda744 d6ef31be d700d2dc d7126a2e d724180c d735af42 d747504c
d758e78e d76a6ee4 d77c12fe d78d9a50 d79f3e72 d7b0d2a0 d7c25d1a d7d3fe38
d7e5957a d7f729a8 d808cdc6 d81a61f8 d82bf946 d83d8d9c d84f24ee d860b934
d872507a d883e4f4 d8957c6a d8a71d94 d8b8b4f6 d8ca494c d8dbe0b6 d8ed7520
d8feffd2 d910a104 d9223886 d933cd04 d9457156 d956f8d0 d9689002 d97a244c
d98bbbda d99d5040 d9aee77e d9c07bb0 d9d212ee d9e3a748 d9f53e92 da06d2d8
da186a2a da29fe6c da3b95c2 da4d2a04 da5eb46e da70557c da81ecf2 da938134
daa5255e dab69ff8 dac8378e dad9cc1c daeb638a dafcf7b0 db0e8efa db201654
db31ada2 db434eb0 db54d8fa db667a20 db7804c6 db898c58 db9b3d76 dbacd1d0
dbbe6946 dbcffda8 dbe1883a dbf31ca0 dc04b40a dc163ba8 dc27d336 dc395ae4
dc4af282 dc5c86fc dc6e1e6a dc7fb2e0 dc914a4a dca2eb7c dcb482d2 dcc6173c
dcd7ae9e dce9361c dcfacd82 dd0c61d8 dd1dec3e dd2f8074 dd410ae6 dd529f28
dd64368a dd75bdfc dd875556 dd98dcf4 ddaa6796 ddbc08e4 ddcd935a dddf2798
ddf0bee6 de02464c de13ea82 de2571d4 de3708f6 de489d14 de5a276e de6bbbc4
de7d533e de8ee780 dea0721e deb20690 dec39df6 ded53260 dee6c976 def850d8
df09e832 df1b6fa8 df2d0706 df3e9b50 df5025ba df61b9e0 df73511a df84e544
df967cae dfa810f0 dfb9a842 dfcb3c60 dfdcd386 dfee67ac dffff20e e011865c
e0231dca e034b224 e046497a e057d0d8 e069680e e07aef60 e08c798e e09e0db0
e0af9816 e0c11f50 e0d2b6a2 e0e43e0c e0f5d55e e107698c e118f3ee e12a7b38
e13c058a e14da690 e15f3106 e170c534 e1824f92 e193d70c e1a56e7a e1b702bc
e1c899f6 e1da2138 e1ebb882 e1fd3fc0 e20ed6f6 e2205e28 e231f51a e2438920
e255135e e266a780 e2783ea2 e289c5cc e29b5cd2 e2acf0f8 e2be7b62 e2d00f78
e2e1a676 e2f32d98 e304c4b6 e3164c04 e327d636 e3397720 e34b0156 e35c9564
e36e2caa e37fb41c e3914b66 e3a2df74 e3b469ca e3c5fe08 e3d78856 e3e90fc4
e3faa706 e40c4804 e41dd252 e42f6660 e440fd62 e45277a8 e4641bba e475a304
e4873a4e e498ce70 e4aa58ba e4bbed00 e4cd7782 e4df1888 e4f0a30a e5023758
e513cea2 e5254940 e536ed66 e54874cc e55a0c0a e56ba030 e57d2aa6 e58ebed0
e5a0494a e5b1ea84 e5c3750a e5d50968 e5e6a0d2 e5f81b30 e609bf4a e61b4690
e62cddc2 e63e71f0 e64ffc5e e66190a8 e673280a e684bc64 e69646e2 e6a7db28
e6b97282 e6cb06a8 e6dc9dde e6ee3210 e6ffc94e e711507c e722e7ae e7346f18
e746064e e7579a74 e76931a2 e77ac588 e78c4fb2 e79de3e4 e7af7b16 e7c10f30
e7d2a68e e7e43aa0 e7f5c4fe e8075924 e818f04a e82a8444 e83c1b5e e84da254
e85f394e e870c060 e8824a6a e893de78 e8a568a2 e8b6ef90 e8c879ae e8da00e0
e8eb982a e8fd1f80 e90ec376 e9204a9c e931e1b6 e94375d8 e9550046 e9669480
e9781eee e989a65c e99b4a9e e9acd220 e9be5c9a e9cff0f4 e9e17ba6 e9f31ce4
ea04b432 ea16486c ea27dfce ea396740 ea4af1ba ea5c7930 ea6e03ae ea7f8b00
ea912222 eaa2c34c eab44dde eac5e250 ead76cca eae8f424 eafa984e eb0c1fbc
eb1db6f6 eb2f3e40 eb40c87a eb526970 eb6400ce eb759534 eb871fb2 eb98a700
ebaa3152 ebbbb8a4 ebcd4fd6 ebdee428 ebf07b72 ec020fbc ec13a6e6 ec252e10
ec36b84a ec484c68 ec59d6ca ec6b5df8 ec7ce83a ec8e7c78 eca006c6 ecb19ab0
ecc331d6 ecd4b918 ece6503e ecf7e458 ed096e76 ed1b0278 ed2c8cc6 ed3e20d0
ed4fab1a ed614c18 ed72d656 ed845d88 ed95f4ae eda76f34 edb9200e edcaa774
eddc31fe ededb984 edff3716 ee10cb30 ee22625e ee33f664 ee458dae ee571510
ee68ac5a ee7a33b0 ee8bbdee ee9d522c eeaedc72 eec07088 eed1fab6 eee38ed0
eef51906 ef06a030 ef183746 ef29be4c ef3b5516 ef4ce8e4 ef5e72fe ef6ffa10
ef818466 ef931890 efa4a2de efb636d8 efc7cdf6 efd94870 efeaf956 effc8094
f00e0ae2 f01f9ed0 f0311c22 f042b044 f054478e f065cedc f0775936 f088e074
f09a6ac2 f0abf21c f0bd9622 f0cf1d7c f0e0a7c2 f0f23bdc f103b94a f1154d8c
f126e4f2 f1386c4c f14a0382 f15b8ac4 f16d153e f17ea980 f190340a f1a1bb60
f1b345ca f1c4cd2c f1d6578e f1e7ebc0 f1f982ee f20b1710 f21cae52 f22e3598
f23fbfde f2514704 f262d132 f2746518 f285ef26 f2978320 f2a90d36 f2ba9424
f2cc2b06 f2ddb230 f2ef3c86 f300c3d0 f3124e52 f323ef88 f33579ea f3470120
f3588b76 f36a05e0 f37b9d2a f38d3140 f39ec85a f3b04f90 f3c1ccbe f3d360d0
f3e4eb0e f3f67250 f407fcae f4198408 f42b0e72 f43ca2a0 f44e3a02 f45fc18c
f47158fa f482e074 f4946ae2 f4a5ff24 f4b789a6 f4c91108 f4da9b6e f4ec2f78
f4fdb9d6 f50f4140 f520e57e f5326cec f543f766 f5557eb4 f566fc52 f57890a8
f58a27ee f59bbc20 f5ad4686 f5becdd4 f5d05836 f5e1dfb4 f5f36a06 f604f170
f6167be2 f6281024 f6399a92 f64b220c f65cb97a f66e4100 f67fd866 f6916cbc
f6a2f736 f6b47ec4 f6c6092e f6d790a8 f6e91b12 f6faa288 f70c2cfa f71db43c
f72f3eb2 f740d308 f7525d62 f763e4a4 f7756f02 f786e97c f79880ae f7aa0808
f7bb927a f7cd26d0 f7debe3e f7f045d0 f801d082 f8135810 f824ef86 f8367730
f8480ea2 f854f049 f8599618 f86b13d2 f87ca804 f88e327e f89fb9ec f8b14466


