--- Terminal on /dev/cu.usbmodem401101 | 9600 8-N-1
--- Available filters and text transformations: colorize, debug, default, direct, esp32_exception_decoder, hexlify, log2file, nocontrol, printable, send_on_enter, time
--- More details at https://bit.ly/pio-monitor-filters
--- Quit: Ctrl+C | Menu: Ctrl+T | Help: Ctrl+T followed by Ctrl+H
Here we go!
received script 1
begin recording
end recording

Full speed scenario

830 events logged
85edccb2 85ff94d4 86115316 86230180 8634bfb6 86467b0c 865839a2 8669f50c
867ba68a 868d61e0 869f135a 86b0cea4 86c28d0a 86d43b84 86e5f9de 86f7a834
8709666e 871b218c 872cd2e6 873e8e14 87503f7a 8761eda0 8773abae 87857390
879724da 87a8dff0 87ba911e 87cc3f3c 87ddfd5e 87efab88 88016986 881317cc
8824d61a 88369138 88484f56 885a0a7c 886bbbce 887d69fc 888f1b3e 88a0c970
88b2876a 88c44250 88d60056 88e7ae8c 88f95fd2 890b0e00 891cbf1a 892e6d40
89403812 8951e628 8963a416 89755ee8 89870312 8998bdec 89aa7be2 89bc2a1c
89cddb5e 89df89ac 89f13afa 8a02e960 8a149aa2 8a2648e4 8a37fa22 8a49b518
8a5b665e 8a6d1498 8a7ed2ae 8a9073f8 8aa2322a 8ab3ed68 8ac59ec6 8ad766a0
8ae9179a 8afac5b0 8b0c83ae 8b1e24d4 8b2fe2e6 8b419de0 8b53422e 8b64fd3c
8b76ae7a 8b884fc0 8b9a0dda 8babaf14 8bbd6032 8bcf1b00 8be0cbee 8bf27a04
8c042b3e 8c15e634 8c27974e 8c394588 8c4b0396 8c5ca4d8 8c6e55fe 8c800418
8c91b546 8ca37034 8cb5216a 8cc6dc68 8cd880ba 8cea2f00 8cfbed1e 8d0d9b24
8d1f4c2a 8d30ed58 8d42ab36 8d544c60 8d65fd82 8d77b868 8d89699a 8d9b24ac
8dacc8fa 8dbe7714 8dd0280a 8de1d600 8df3870e 8e05351c 8e16e61e 8e289418
8e3a520e 8e4bf314 8e5da41a 8e6f5224 8e81032a 8e92b124 8ea4622a 8eb61038
8ec7b46a 8ed96f24 8eeb2026 8efcce2c 8f0e8c42 8f202d88 8f31dee6 8f438058
8f553192 8f66ecd8 8f78915a 8f8a4c88 8f9bfdee 8fadac68 8fbf5dda 8fd10c2c
8fe2bd8e 8ff45f08 9006105a 9017b1d8 9029633a 903b1e60 904cc2de 905e7de4
90702f16 9081d040 90938176 90a52f90 90b6d3d6 90c881ec 90da3322 90ebe128
90fd9216 910f400c 9120e44e 91329270 91444396 9155e4e0 9167a316 91795130
918af59a 919ca3cc 91ae54be 91c002ac 91d1b3d6 91e361d4 91f512ee 9206c0f8
9218721a 922a1ff4 923bc40e 924d7234 925f2372 9270c49c 928275ba 92941714
92a5c846 92b77638 92c91a5e 92dac870 92ec796e 92fe1a90 930fcb8e 9321795c
93332a5a 9344d828 93568912 93683704 9379e81a 938b962c 939d3a62 93aee83c
93c08c56 93d23a5c 93e3eb9e 93f58cec 94073e2e 9418df6c 942a909a 943c3ee0
944df03e 945f9e64 947142c6 9482f10c 9494a266 94a650b8 94b801f6 94c9b040
94db54a6 94ed02c8 94fea70a 9510482c 9521ec7e 95338da8 95453eae 9556eca8
95689dda 957a3f58 958be3de 959d8534 95af2986 95c0d7b8 95d288de 95e43704
95f5e842 9607964c 9619475e 962af570 963c99b6 964e3b24 965fdfa2 96718108
96832572 9694d3a8 96a684d2 96b83300 96c9e406 96db8534 96ed298e 96fecaf8
971088f2 97222a38 9733db56 97457ca8 9757141a 9768c238 977a736a 978c2168
979dd292 97af8090 97c124aa 97d2c5dc 97e476d2 97f617f0 9807bc1e 981976f0
982b1b06 983cc8e4 984e79e2 98601aec 9871cc02 98836d34 98951176 98a6b298
98b856ae 98ca04bc 98dbb5a6 98ed56dc 98ff0802 9910a938 99225a32 9934081c
9945ac2a 99575a34 9968fe4e 997aac3c 998c5056 999df170 99af95aa 99c136bc
99d2f492 99e495c0 99f646be 9a07f4bc 9a198c0a 9a2b2d1c 9a3cde0e 9a4e8bf8
9a603026 9a71ddf8 9a83821a 9a95164c 9aa6c736 9ab87540 9aca2666 9adbe164
9aed85c2 9aff33f4 9b10e532 9b228660 9b34377e 9b45d8d4 9b577d4e 9b691eb8
9b7ac32a 9b8c7168 9b9e15de 9bafc3e8 9bc174fe 9bd30978 9be4bab2 9bf65c00
9c08003e 9c19ae48 9c2b5f6e 9c3d0dc0 9c4ebf1a 9c606068 9c7204c6 9c83a634
9c954aa2 9ca6ebe4 9cb89d26 9cca3e98 9cdbeff2 9ced9e54 9cff42c6 9d10f108
9d22957a 9d3436cc 9d45db36 9d577c80 9d693a9e 9d7adbf8 9d8c8086 9d9e2ec8
9dafd332 9dc1816c 9dd325ba 9de4c738 9df66bb2 9e080d14 9e19b162 9e2b5fc0
9e3d0442 9e4ea5ac 9e6056f2 9e720538 9e83a99a 9e9564ac 9ea70916 9eb89d70
9eca4e9a 9edbefc0 9eeda0fa 9eff4f1c 9f110086 9f22a1ec 9f344632 9f45e748
9f578baa 9f6939dc 9f7ade1a 9f8c8c34 9f9e3d4a 9fafde68 9fc182b6 9fd32400
9fe4d54e 9ff676a4 a0081b16 a019bc78 a02b60e2 a03d0f44 a04eb3c6 a06061fc
a072066e a0839b14 a0954c8a a0a6ee30 a0b892d6 a0ca4130 a0dbe5c2 a0ed8768
a0ff2c16 a110cda0 a1227222 a1342060 a145d1a6 a15772dc a16923de a17ac4e8
a18c6906 a19e16e8 a1afae22 a1c15c10 a1d3002a a1e4ae20 a1f6524a a207f34c
a219a45e a22b4578 a23cf67a a24e9780 a2603b9e a271dcd8 a2838126 a295225c
a2a6c69e a2b867dc a2ca0c0a a2dbba40 a2ed5ea6 a2ff0ce0 a310b15a a3225274
a3341066 a345a4dc a35755fe a368f758 a37a8ec2 a38c3cdc a39de12e a3af8284
a3c126e2 a3d2d4fc a3e4794e a3f61aa0 a407befa a419604c a42b1192 a43cb2cc
a44e570a a4600538 a471a98a a4834ae0 a494ef3e a4a69058 a4b8349e a4c9e27c
a4db868e a4ed2788 a4febec6 a5105fcc a52210c2 a533a500 a54555ee a556f6f8
a5688e3e a57a3c38 a58be05e a59d8198 a5af25da a5c0c6f8 a5d26b3a a5e4193c
a5f5bd72 a6075ecc a6190322 a62a978c a63c48b2 a64de9e8 a65f9b0a a6713c38
a682d3ae a69481b4 a6a625f6 a6b7c71c a6c97806 a6db0c40 a6ecb08e a6fe51d0
a70ff5fe a721a410 a7334866 a744e96c a7568d66 a7682e54 a779d24a a78b7348
a79d1766 a7aeb880 a7c04fae a7d1fd90 a7e3a1ee a7f54324 a806f45e a81888dc
a82a2d46 a83bcea8 a84d6606 a85f0708 a870ab26 a8823f80 a893f09a a8a591b0
a8b735b6 a8c8e3a8 a8da87de a8ec2908 a8fdcd2a a90f6198 a92105c6 a932a700
a9444b5a a955ecb4 a9679106 a9792548 a98ad67e a99c77cc a9ae0f82 a9bfbdb4
a9d1553a a9e2f68c a9f49afa aa063c4c aa17d3c2 aa2981f4 aa3b1966 aa4cbaac
aa5e6bb2 aa6ffffc aa81a462 aa9345ac aaa4ea22 aab68b60 aac822da aad9c43c
aaeb689a aafd0a10 ab0ebb7a ab204fec ab31f446 ab4395ac ab553a22 ab66db30
ab78728e ab8a13d8 ab9bab36 abad3f8c abbee3e6 abd07870 abe20fee abf3be34
ac0555aa ac16f700 ac28a832 ac3a3ca8 ac4be106 ac5d8260 ac6f26f2 ac80c858
ac926cc6 aca40e08 acb5b25a acc75390 acd8eae6 acea8c04 acfc2386 ad0dc4c8
ad1f6912 ad310a58 ad42aec2 ad545004 ad65e77a ad776f18 ad891382 ad9aa7f0
adac4c32 adbded64 adcf84c2 ade11918 adf2b05e ae0444c4 ae15dc1e ae277d44
ae391496 ae4ab5a4 ae5c59d6 ae6dee48 ae7f9282 ae9133c8 aea2cb06 aeb45f30
aec5f672 aed797c0 aee93bfe aefadd34 af0c816e af1e15b4 af2fad22 af414180
af52d8fe af646d74 af7611b6 af87a604 af99570a afaaf848 afbc8fb6 afce3128
afdfbbca aff15d3c b002f4da b0149630 b0262dc2 b037c23c b049666e b05afafc
b06c9f4a b07e33b0 b08fcb36 b0a15fb0 b0b2f722 b0c49868 b0d622de b0e7c410
b0f95b86 b10aefb8 b11c93d2 b12e1b5c b13fbf9a b15160dc b163051a b174a660
b1863df2 b197c574 b1a969e6 b1bafe58 b1ccaf8e b1de4410 b1efdbca b2017d40
b212fb46 b2249cb8 b236411e b247d5b8 b2597a1e b26b0e90 b27ca606 b28e3a94
b29fd20a b2b17388 b2c30b0e b2d49f68 b2e636ee b2f7cb50 b30962aa b31b03d0
b32c9b2a b33e2f74 b34fc6f6 b3615b64 b372ffba b3849428 b3962ba6 b3a7c018
b3b95776 b3caebf0 b3dc9042 b3ee31a8 b3ffd602 b4117738 b4230eae b434a31c
b4462da6 b457c21c b46966aa b47afb34 b48c92ae b49e2730 b4afbeae b4c15ff8
b4d2f756 b4e48bc8 b4f62336 b507b778 b5195b96 b52aefbc b53c93ae b54e1adc
b55fbebe b57152d0 b582ea06 b5948b2c b5a615c2 b5b7aa08 b5c94e32 b5dae29c
b5ec86e2 b5fe2848 b60fb2b2 b6213a00 b632de06 b6447290 b65616da b667ab24
b67942a2 b68ae3e8 b69c7b56 b6ae0fb4 b6bfa72a b6d13b9c b6e2d32e b6f4749c
b7060c16 b717a094 b7293816 b73abfd8 b74c644a b75df8e0 b76f907e b78131d8
b792bcaa b7a45e18 b7b5f5c6 b7c77d78 b7d921c6 b7eab640 b7fc4dde b80def60
b81f79d6 b8310e58 b842b28e b85446e0 b865eb16 b8777f70 b889170a b89a9ec0
b8ac4346 b8bdd800 b8cf6fae b8e11124 b8f29bee b9043d58 b915d4e2 b9276950
b93900f6 b94a8890 b95c201a b96db480 b97f58ba b990fa14 b9a29192 b9b425ec
b9c5bd5a b9d744ec b9e8e966 b9fa8abc ba0c224e ba1db6c4 ba2f4e3e ba40ef88
ba528712 ba641b9c ba75bfea ba874780 ba98ebf6 baaa8080 babc0b46 bacd9fb8
badf3736 baf0cbdc bb02702a bb140490 bb259c1e bb373d70 bb48c806 bb5a6960
bb6bf40a bb7d888c bb8f2cb2 bba0b410 bbb24b62 bbc3dfdc bbd57762 bbe70bbc
bbf8a33e bc0a379c bc1bc232 bc2d7068 bc3f07fe bc508f98 bc6233e6 bc73ae8c
bc854626 bc96daa4 bca8721e bcba135c bccbaaaa bcdd3ec8 bceed61a bd006a88
bd1201de bd239624 bd352092 bd46b4cc bd583f5e bd69d3dc bd7b7846 bd8d0010
bd9ea47e bdb04604 bdc1c406 bdd35894 bde4f032 bdf677b4 be081c3e be19b0c0
be2b3b46 be3ccfa0 be4e6716 be5feea8 be718606 be831a54 be94b1da bea64648
beb7dda2 bec96530 bedaefbe beec8428 befe1b72 bf0fbc8c 

